2011/10/18 23:04:40 [error] [exception.CHttpException.403] exception 'CHttpException' with message 'You are not allowed to access this page.' in /Volumes/Server HD 2/Websites/enl-esports.dev/framework/gii/GiiModule.php:163
Stack trace:
#0 /Volumes/Server HD 2/Websites/enl-esports.dev/framework/web/CController.php(255): GiiModule->beforeControllerAction(Object(DefaultController), Object(CInlineAction))
#1 /Volumes/Server HD 2/Websites/enl-esports.dev/framework/web/CWebApplication.php(277): CController->run('')
#2 /Volumes/Server HD 2/Websites/enl-esports.dev/framework/web/CWebApplication.php(136): CWebApplication->runController('gii')
#3 /Volumes/Server HD 2/Websites/enl-esports.dev/framework/base/CApplication.php(158): CWebApplication->processRequest()
#4 /Volumes/Server HD 2/Websites/enl-esports.dev/index.php(14): CApplication->run()
#5 {main} REQUEST_URI=/index.php?r=gii
2011/10/18 23:17:27 [error] [exception.CHttpException.404] exception 'CHttpException' with message 'Unable to resolve the request "lol".' in /Volumes/Server HD 2/Websites/enl-esports.dev/framework/web/CWebApplication.php:281
Stack trace:
#0 /Volumes/Server HD 2/Websites/enl-esports.dev/framework/web/CWebApplication.php(136): CWebApplication->runController('lol')
#1 /Volumes/Server HD 2/Websites/enl-esports.dev/framework/base/CApplication.php(158): CWebApplication->processRequest()
#2 /Volumes/Server HD 2/Websites/enl-esports.dev/index.php(14): CApplication->run()
#3 {main} REQUEST_URI=/index.php?r=lol
2011/10/19 10:18:30 [error] [exception.CException] exception 'CException' with message 'User and its behaviors do not have a method or closure named "validatePassword".' in /Volumes/Server HD 2/Websites/enl-esports.dev/framework/base/CComponent.php:269
Stack trace:
#0 /Volumes/Server HD 2/Websites/enl-esports.dev/framework/db/ar/CActiveRecord.php(214): CComponent->__call('validatePasswor...', Array)
#1 /Volumes/Server HD 2/Websites/enl-esports.dev/protected/components/UserIdentity.php(26): CActiveRecord->__call('validatePasswor...', Array)
#2 /Volumes/Server HD 2/Websites/enl-esports.dev/protected/components/UserIdentity.php(26): User->validatePassword('pqnp05yhZAU')
#3 /Volumes/Server HD 2/Websites/enl-esports.dev/protected/models/LoginForm.php(52): UserIdentity->authenticate()
#4 /Volumes/Server HD 2/Websites/enl-esports.dev/framework/validators/CInlineValidator.php(39): LoginForm->authenticate('password', Array)
#5 /Volumes/Server HD 2/Websites/enl-esports.dev/framework/validators/CValidator.php(192): CInlineValidator->validateAttribute(Object(LoginForm), 'password')
#6 /Volumes/Server HD 2/Websites/enl-esports.dev/framework/base/CModel.php(152): CValidator->validate(Object(LoginForm), NULL)
#7 /Volumes/Server HD 2/Websites/enl-esports.dev/protected/controllers/SiteController.php(88): CModel->validate()
#8 /Volumes/Server HD 2/Websites/enl-esports.dev/framework/web/actions/CInlineAction.php(50): SiteController->actionLogin()
#9 /Volumes/Server HD 2/Websites/enl-esports.dev/framework/web/CController.php(300): CInlineAction->runWithParams(Array)
#10 /Volumes/Server HD 2/Websites/enl-esports.dev/framework/web/CController.php(278): CController->runAction(Object(CInlineAction))
#11 /Volumes/Server HD 2/Websites/enl-esports.dev/framework/web/CController.php(257): CController->runActionWithFilters(Object(CInlineAction), Array)
#12 /Volumes/Server HD 2/Websites/enl-esports.dev/framework/web/CWebApplication.php(277): CController->run('login')
#13 /Volumes/Server HD 2/Websites/enl-esports.dev/framework/web/CWebApplication.php(136): CWebApplication->runController('site/login')
#14 /Volumes/Server HD 2/Websites/enl-esports.dev/framework/base/CApplication.php(158): CWebApplication->processRequest()
#15 /Volumes/Server HD 2/Websites/enl-esports.dev/index.php(14): CApplication->run()
#16 {main} REQUEST_URI=/index.php?r=site/login
2011/10/19 11:30:57 [error] [exception.CHttpException.403] exception 'CHttpException' with message 'You are not authorized to perform this action.' in /Volumes/Server HD 2/Websites/enl-esports.dev/framework/web/auth/CAccessControlFilter.php:158
Stack trace:
#0 /Volumes/Server HD 2/Websites/enl-esports.dev/framework/web/auth/CAccessControlFilter.php(120): CAccessControlFilter->accessDenied(Object(CWebUser), 'You are not aut...')
#1 /Volumes/Server HD 2/Websites/enl-esports.dev/framework/web/filters/CFilter.php(39): CAccessControlFilter->preFilter(Object(CFilterChain))
#2 /Volumes/Server HD 2/Websites/enl-esports.dev/framework/web/CController.php(1144): CFilter->filter(Object(CFilterChain))
#3 /Volumes/Server HD 2/Websites/enl-esports.dev/framework/web/filters/CInlineFilter.php(59): CController->filterAccessControl(Object(CFilterChain))
#4 /Volumes/Server HD 2/Websites/enl-esports.dev/framework/web/filters/CFilterChain.php(131): CInlineFilter->filter(Object(CFilterChain))
#5 /Volumes/Server HD 2/Websites/enl-esports.dev/framework/web/CController.php(283): CFilterChain->run()
#6 /Volumes/Server HD 2/Websites/enl-esports.dev/framework/web/CController.php(257): CController->runActionWithFilters(Object(CInlineAction), Array)
#7 /Volumes/Server HD 2/Websites/enl-esports.dev/framework/web/CWebApplication.php(277): CController->run('admin')
#8 /Volumes/Server HD 2/Websites/enl-esports.dev/framework/web/CWebApplication.php(136): CWebApplication->runController('user/admin')
#9 /Volumes/Server HD 2/Websites/enl-esports.dev/framework/base/CApplication.php(158): CWebApplication->processRequest()
#10 /Volumes/Server HD 2/Websites/enl-esports.dev/index.php(14): CApplication->run()
#11 {main} REQUEST_URI=/index.php?r=user/admin
2011/10/19 11:50:52 [error] [exception.CHttpException.403] exception 'CHttpException' with message 'You are not authorized to perform this action.' in /Volumes/Server HD 2/Websites/enl-esports.dev/framework/web/auth/CAccessControlFilter.php:158
Stack trace:
#0 /Volumes/Server HD 2/Websites/enl-esports.dev/framework/web/auth/CAccessControlFilter.php(120): CAccessControlFilter->accessDenied(Object(CWebUser), 'You are not aut...')
#1 /Volumes/Server HD 2/Websites/enl-esports.dev/framework/web/filters/CFilter.php(39): CAccessControlFilter->preFilter(Object(CFilterChain))
#2 /Volumes/Server HD 2/Websites/enl-esports.dev/framework/web/CController.php(1144): CFilter->filter(Object(CFilterChain))
#3 /Volumes/Server HD 2/Websites/enl-esports.dev/framework/web/filters/CInlineFilter.php(59): CController->filterAccessControl(Object(CFilterChain))
#4 /Volumes/Server HD 2/Websites/enl-esports.dev/framework/web/filters/CFilterChain.php(131): CInlineFilter->filter(Object(CFilterChain))
#5 /Volumes/Server HD 2/Websites/enl-esports.dev/framework/web/CController.php(283): CFilterChain->run()
#6 /Volumes/Server HD 2/Websites/enl-esports.dev/framework/web/CController.php(257): CController->runActionWithFilters(Object(CInlineAction), Array)
#7 /Volumes/Server HD 2/Websites/enl-esports.dev/framework/web/CWebApplication.php(277): CController->run('create')
#8 /Volumes/Server HD 2/Websites/enl-esports.dev/framework/web/CWebApplication.php(136): CWebApplication->runController('user/create')
#9 /Volumes/Server HD 2/Websites/enl-esports.dev/framework/base/CApplication.php(158): CWebApplication->processRequest()
#10 /Volumes/Server HD 2/Websites/enl-esports.dev/index.php(14): CApplication->run()
#11 {main} REQUEST_URI=/index.php?r=user/create
2011/10/19 11:57:27 [error] [exception.CHttpException.403] exception 'CHttpException' with message 'You are not authorized to perform this action.' in /Volumes/Server HD 2/Websites/enl-esports.dev/framework/web/auth/CAccessControlFilter.php:158
Stack trace:
#0 /Volumes/Server HD 2/Websites/enl-esports.dev/framework/web/auth/CAccessControlFilter.php(120): CAccessControlFilter->accessDenied(Object(CWebUser), 'You are not aut...')
#1 /Volumes/Server HD 2/Websites/enl-esports.dev/framework/web/filters/CFilter.php(39): CAccessControlFilter->preFilter(Object(CFilterChain))
#2 /Volumes/Server HD 2/Websites/enl-esports.dev/framework/web/CController.php(1144): CFilter->filter(Object(CFilterChain))
#3 /Volumes/Server HD 2/Websites/enl-esports.dev/framework/web/filters/CInlineFilter.php(59): CController->filterAccessControl(Object(CFilterChain))
#4 /Volumes/Server HD 2/Websites/enl-esports.dev/framework/web/filters/CFilterChain.php(131): CInlineFilter->filter(Object(CFilterChain))
#5 /Volumes/Server HD 2/Websites/enl-esports.dev/framework/web/CController.php(283): CFilterChain->run()
#6 /Volumes/Server HD 2/Websites/enl-esports.dev/framework/web/CController.php(257): CController->runActionWithFilters(Object(CInlineAction), Array)
#7 /Volumes/Server HD 2/Websites/enl-esports.dev/framework/web/CWebApplication.php(277): CController->run('create')
#8 /Volumes/Server HD 2/Websites/enl-esports.dev/framework/web/CWebApplication.php(136): CWebApplication->runController('user/create')
#9 /Volumes/Server HD 2/Websites/enl-esports.dev/framework/base/CApplication.php(158): CWebApplication->processRequest()
#10 /Volumes/Server HD 2/Websites/enl-esports.dev/index.php(14): CApplication->run()
#11 {main} REQUEST_URI=/index.php?r=user/create
2011/10/19 12:06:17 [error] [exception.CHttpException.403] exception 'CHttpException' with message 'You are not authorized to perform this action.' in /Volumes/Server HD 2/Websites/enl-esports.dev/framework/web/auth/CAccessControlFilter.php:158
Stack trace:
#0 /Volumes/Server HD 2/Websites/enl-esports.dev/framework/web/auth/CAccessControlFilter.php(120): CAccessControlFilter->accessDenied(Object(CWebUser), 'You are not aut...')
#1 /Volumes/Server HD 2/Websites/enl-esports.dev/framework/web/filters/CFilter.php(39): CAccessControlFilter->preFilter(Object(CFilterChain))
#2 /Volumes/Server HD 2/Websites/enl-esports.dev/framework/web/CController.php(1144): CFilter->filter(Object(CFilterChain))
#3 /Volumes/Server HD 2/Websites/enl-esports.dev/framework/web/filters/CInlineFilter.php(59): CController->filterAccessControl(Object(CFilterChain))
#4 /Volumes/Server HD 2/Websites/enl-esports.dev/framework/web/filters/CFilterChain.php(131): CInlineFilter->filter(Object(CFilterChain))
#5 /Volumes/Server HD 2/Websites/enl-esports.dev/framework/web/CController.php(283): CFilterChain->run()
#6 /Volumes/Server HD 2/Websites/enl-esports.dev/framework/web/CController.php(257): CController->runActionWithFilters(Object(CInlineAction), Array)
#7 /Volumes/Server HD 2/Websites/enl-esports.dev/framework/web/CWebApplication.php(277): CController->run('admin')
#8 /Volumes/Server HD 2/Websites/enl-esports.dev/framework/web/CWebApplication.php(136): CWebApplication->runController('user/admin')
#9 /Volumes/Server HD 2/Websites/enl-esports.dev/framework/base/CApplication.php(158): CWebApplication->processRequest()
#10 /Volumes/Server HD 2/Websites/enl-esports.dev/index.php(14): CApplication->run()
#11 {main} REQUEST_URI=/index.php?r=user/admin
2011/10/19 13:01:23 [error] [exception.CHttpException.404] exception 'CHttpException' with message 'The requested view "user" was not found.' in /Volumes/Server HD 2/Websites/enl-esports.dev/framework/web/actions/CViewAction.php:110
Stack trace:
#0 /Volumes/Server HD 2/Websites/enl-esports.dev/framework/web/actions/CViewAction.php(121): CViewAction->resolveView('user')
#1 /Volumes/Server HD 2/Websites/enl-esports.dev/framework/web/actions/CAction.php(72): CViewAction->run()
#2 /Volumes/Server HD 2/Websites/enl-esports.dev/framework/web/CController.php(300): CAction->runWithParams(Array)
#3 /Volumes/Server HD 2/Websites/enl-esports.dev/framework/web/CController.php(278): CController->runAction(Object(CViewAction))
#4 /Volumes/Server HD 2/Websites/enl-esports.dev/framework/web/CController.php(257): CController->runActionWithFilters(Object(CViewAction), Array)
#5 /Volumes/Server HD 2/Websites/enl-esports.dev/framework/web/CWebApplication.php(277): CController->run('page')
#6 /Volumes/Server HD 2/Websites/enl-esports.dev/framework/web/CWebApplication.php(136): CWebApplication->runController('site/page')
#7 /Volumes/Server HD 2/Websites/enl-esports.dev/framework/base/CApplication.php(158): CWebApplication->processRequest()
#8 /Volumes/Server HD 2/Websites/enl-esports.dev/index.php(14): CApplication->run()
#9 {main} REQUEST_URI=/index.php?r=site/page&view=user
2011/10/19 13:01:43 [error] [exception.CHttpException.404] exception 'CHttpException' with message 'The requested view "user" was not found.' in /Volumes/Server HD 2/Websites/enl-esports.dev/framework/web/actions/CViewAction.php:110
Stack trace:
#0 /Volumes/Server HD 2/Websites/enl-esports.dev/framework/web/actions/CViewAction.php(121): CViewAction->resolveView('user')
#1 /Volumes/Server HD 2/Websites/enl-esports.dev/framework/web/actions/CAction.php(72): CViewAction->run()
#2 /Volumes/Server HD 2/Websites/enl-esports.dev/framework/web/CController.php(300): CAction->runWithParams(Array)
#3 /Volumes/Server HD 2/Websites/enl-esports.dev/framework/web/CController.php(278): CController->runAction(Object(CViewAction))
#4 /Volumes/Server HD 2/Websites/enl-esports.dev/framework/web/CController.php(257): CController->runActionWithFilters(Object(CViewAction), Array)
#5 /Volumes/Server HD 2/Websites/enl-esports.dev/framework/web/CWebApplication.php(277): CController->run('page')
#6 /Volumes/Server HD 2/Websites/enl-esports.dev/framework/web/CWebApplication.php(136): CWebApplication->runController('site/page')
#7 /Volumes/Server HD 2/Websites/enl-esports.dev/framework/base/CApplication.php(158): CWebApplication->processRequest()
#8 /Volumes/Server HD 2/Websites/enl-esports.dev/index.php(14): CApplication->run()
#9 {main} REQUEST_URI=/index.php?r=site/page&view=user
2011/10/19 13:01:53 [error] [exception.CHttpException.403] exception 'CHttpException' with message 'You are not authorized to perform this action.' in /Volumes/Server HD 2/Websites/enl-esports.dev/framework/web/auth/CAccessControlFilter.php:158
Stack trace:
#0 /Volumes/Server HD 2/Websites/enl-esports.dev/framework/web/auth/CAccessControlFilter.php(120): CAccessControlFilter->accessDenied(Object(CWebUser), 'You are not aut...')
#1 /Volumes/Server HD 2/Websites/enl-esports.dev/framework/web/filters/CFilter.php(39): CAccessControlFilter->preFilter(Object(CFilterChain))
#2 /Volumes/Server HD 2/Websites/enl-esports.dev/framework/web/CController.php(1144): CFilter->filter(Object(CFilterChain))
#3 /Volumes/Server HD 2/Websites/enl-esports.dev/framework/web/filters/CInlineFilter.php(59): CController->filterAccessControl(Object(CFilterChain))
#4 /Volumes/Server HD 2/Websites/enl-esports.dev/framework/web/filters/CFilterChain.php(131): CInlineFilter->filter(Object(CFilterChain))
#5 /Volumes/Server HD 2/Websites/enl-esports.dev/framework/web/CController.php(283): CFilterChain->run()
#6 /Volumes/Server HD 2/Websites/enl-esports.dev/framework/web/CController.php(257): CController->runActionWithFilters(Object(CInlineAction), Array)
#7 /Volumes/Server HD 2/Websites/enl-esports.dev/framework/web/CWebApplication.php(277): CController->run('admin')
#8 /Volumes/Server HD 2/Websites/enl-esports.dev/framework/web/CWebApplication.php(136): CWebApplication->runController('user/admin')
#9 /Volumes/Server HD 2/Websites/enl-esports.dev/framework/base/CApplication.php(158): CWebApplication->processRequest()
#10 /Volumes/Server HD 2/Websites/enl-esports.dev/index.php(14): CApplication->run()
#11 {main} REQUEST_URI=/index.php?r=user/admin
